[debug] [2023-06-08T12:04:51.936Z] ----------------------------------------------------------------------
[debug] [2023-06-08T12:04:51.941Z] Command:       C:\Program Files\nodejs\node.exe C:\Users\HP\AppData\Roaming\npm\node_modules\firebase-tools\lib\bin\firebase.js init
[debug] [2023-06-08T12:04:51.941Z] CLI Version:   12.3.1
[debug] [2023-06-08T12:04:51.942Z] Platform:      win32
[debug] [2023-06-08T12:04:51.942Z] Node Version:  v20.2.0
[debug] [2023-06-08T12:04:51.942Z] Time:          Thu Jun 08 2023 18:04:51 GMT+0600 (Bangladesh Standard Time)
[debug] [2023-06-08T12:04:51.942Z] ----------------------------------------------------------------------
[debug] 
[debug] [2023-06-08T12:04:51.954Z] > command requires scopes: ["email","openid","https://www.googleapis.com/auth/cloudplatformprojects.readonly","https://www.googleapis.com/auth/firebase","https://www.googleapis.com/auth/cloud-platform"]
[debug] [2023-06-08T12:04:51.955Z] > authorizing via signed-in user (amotaharhossain@gmail.com)
[info] 
     ######## #### ########  ######## ########     ###     ######  ########
     ##        ##  ##     ## ##       ##     ##  ##   ##  ##       ##
     ######    ##  ########  ######   ########  #########  ######  ######
     ##        ##  ##    ##  ##       ##     ## ##     ##       ## ##
     ##       #### ##     ## ######## ########  ##     ##  ######  ########

You're about to initialize a Firebase project in this directory:

  D:\Test\furniture-client

[info] 
=== Project Setup
[info] 
[info] First, let's associate this project directory with a Firebase project.
[info] You can create multiple project aliases by running firebase use --add, 
[info] but for now we'll just set up a default project.
[info] 
[info] i  If you want to create a project in a Google Cloud organization or folder, please use "firebase projects:create" instead, and return to this command when you've created the project. 
[debug] [2023-06-08T12:08:14.322Z] ----------------------------------------------------------------------
[debug] [2023-06-08T12:08:14.326Z] Command:       C:\Program Files\nodejs\node.exe C:\Users\HP\AppData\Roaming\npm\node_modules\firebase-tools\lib\bin\firebase.js init
[debug] [2023-06-08T12:08:14.327Z] CLI Version:   12.3.1
[debug] [2023-06-08T12:08:14.328Z] Platform:      win32
[debug] [2023-06-08T12:08:14.328Z] Node Version:  v20.2.0
[debug] [2023-06-08T12:08:14.328Z] Time:          Thu Jun 08 2023 18:08:14 GMT+0600 (Bangladesh Standard Time)
[debug] [2023-06-08T12:08:14.328Z] ----------------------------------------------------------------------
[debug] 
[debug] [2023-06-08T12:08:14.340Z] > command requires scopes: ["email","openid","https://www.googleapis.com/auth/cloudplatformprojects.readonly","https://www.googleapis.com/auth/firebase","https://www.googleapis.com/auth/cloud-platform"]
[debug] [2023-06-08T12:08:14.341Z] > authorizing via signed-in user (amotaharhossain@gmail.com)
[info] 
     ######## #### ########  ######## ########     ###     ######  ########
     ##        ##  ##     ## ##       ##     ##  ##   ##  ##       ##
     ######    ##  ########  ######   ########  #########  ######  ######
     ##        ##  ##    ##  ##       ##     ## ##     ##       ## ##
     ##       #### ##     ## ######## ########  ##     ##  ######  ########

You're about to initialize a Firebase project in this directory:

  D:\Test\furniture-client

[info] 
=== Project Setup
[info] 
[info] First, let's associate this project directory with a Firebase project.
[info] You can create multiple project aliases by running firebase use --add, 
[info] but for now we'll just set up a default project.
[info] 
[debug] [2023-06-08T12:08:24.185Z] >>> [apiv2][query] GET https://firebase.googleapis.com/v1beta1/projects pageSize=100
[debug] [2023-06-08T12:08:25.425Z] <<< [apiv2][status] GET https://firebase.googleapis.com/v1beta1/projects 200
[debug] [2023-06-08T12:08:25.425Z] <<< [apiv2][body] GET https://firebase.googleapis.com/v1beta1/projects [omitted]
[debug] [2023-06-08T12:15:33.467Z] ----------------------------------------------------------------------
[debug] [2023-06-08T12:15:33.474Z] Command:       C:\Program Files\nodejs\node.exe C:\Users\HP\AppData\Roaming\npm\node_modules\firebase-tools\lib\bin\firebase.js init
[debug] [2023-06-08T12:15:33.476Z] CLI Version:   12.3.1
[debug] [2023-06-08T12:15:33.477Z] Platform:      win32
[debug] [2023-06-08T12:15:33.477Z] Node Version:  v20.2.0
[debug] [2023-06-08T12:15:33.478Z] Time:          Thu Jun 08 2023 18:15:33 GMT+0600 (Bangladesh Standard Time)
[debug] [2023-06-08T12:15:33.478Z] ----------------------------------------------------------------------
[debug] 
[debug] [2023-06-08T12:15:33.500Z] > command requires scopes: ["email","openid","https://www.googleapis.com/auth/cloudplatformprojects.readonly","https://www.googleapis.com/auth/firebase","https://www.googleapis.com/auth/cloud-platform"]
[debug] [2023-06-08T12:15:33.500Z] > authorizing via signed-in user (amotaharhossain@gmail.com)
[info] 
     ######## #### ########  ######## ########     ###     ######  ########
     ##        ##  ##     ## ##       ##     ##  ##   ##  ##       ##
     ######    ##  ########  ######   ########  #########  ######  ######
     ##        ##  ##    ##  ##       ##     ## ##     ##       ## ##
     ##       #### ##     ## ######## ########  ##     ##  ######  ########

You're about to initialize a Firebase project in this directory:

  D:\Test\furniture-client

[info] 
=== Project Setup
[info] 
[info] First, let's associate this project directory with a Firebase project.
[info] You can create multiple project aliases by running firebase use --add, 
[info] but for now we'll just set up a default project.
[info] 
